Arguments: 
  /usr/local/bin/node /usr/local/bin/yarn add express

PATH: 
  /usr/local/bin:/usr/bin:/bin:/usr/sbin:/sbin

Yarn version: 
  1.7.0

Node version: 
  8.9.4

Platform: 
  darwin x64

Trace: 
  Error: https://registry.yarnpkg.com/express: ETIMEDOUT
      at Timeout._onTimeout (/usr/local/lib/node_modules/yarn/lib/cli.js:135339:19)
      at ontimeout (timers.js:475:11)
      at tryOnTimeout (timers.js:310:5)
      at Timer.listOnTimeout (timers.js:270:5)

npm manifest: 
  {
    "name": "practice",
    "version": "1.0.0",
    "description": "",
    "main": "app.js",
    "scripts": {
      "test": "echo \"Error: no test specified\" && exit 1"
    },
    "keywords": [],
    "author": "",
    "license": "ISC"
  }

yarn manifest: 
  No manifest

Lockfile: 
  No lockfile
